<?xml version="1.0" encoding="UTF-8"?>
<testsuite xmlns:xsi="http://www.w3.org/2001/XMLSchema-instance" xsi:noNamespaceSchemaLocation="https://maven.apache.org/surefire/maven-surefire-plugin/xsd/surefire-test-report-3.0.xsd" version="3.0" name="com.portfolio.portfolioservice.controller.PortfolioControllerTest" time="1.379" tests="6" errors="0" skipped="0" failures="0">
  <properties>
    <property name="java.specification.version" value="17"/>
    <property name="sun.jnu.encoding" value="UTF-8"/>
    <property name="java.class.path" value="/home/safrin/Desktop/project/portfolio-service/target/test-classes:/home/safrin/Desktop/project/portfolio-service/target/classes:/home/safrin/.m2/repository/org/springframework/boot/spring-boot-starter-data-jpa/3.2.5/spring-boot-starter-data-jpa-3.2.5.jar:/home/safrin/.m2/repository/org/springframework/boot/spring-boot-starter-aop/3.2.5/spring-boot-starter-aop-3.2.5.jar:/home/safrin/.m2/repository/org/springframework/spring-aop/6.1.6/spring-aop-6.1.6.jar:/home/safrin/.m2/repository/org/aspectj/aspectjweaver/1.9.22/aspectjweaver-1.9.22.jar:/home/safrin/.m2/repository/org/springframework/boot/spring-boot-starter-jdbc/3.2.5/spring-boot-starter-jdbc-3.2.5.jar:/home/safrin/.m2/repository/com/zaxxer/HikariCP/5.0.1/HikariCP-5.0.1.jar:/home/safrin/.m2/repository/org/springframework/spring-jdbc/6.1.6/spring-jdbc-6.1.6.jar:/home/safrin/.m2/repository/org/hibernate/orm/hibernate-core/6.4.4.Final/hibernate-core-6.4.4.Final.jar:/home/safrin/.m2/repository/jakarta/persistence/jakarta.persistence-api/3.1.0/jakarta.persistence-api-3.1.0.jar:/home/safrin/.m2/repository/jakarta/transaction/jakarta.transaction-api/2.0.1/jakarta.transaction-api-2.0.1.jar:/home/safrin/.m2/repository/org/jboss/logging/jboss-logging/3.5.3.Final/jboss-logging-3.5.3.Final.jar:/home/safrin/.m2/repository/org/hibernate/common/hibernate-commons-annotations/6.0.6.Final/hibernate-commons-annotations-6.0.6.Final.jar:/home/safrin/.m2/repository/io/smallrye/jandex/3.1.2/jandex-3.1.2.jar:/home/safrin/.m2/repository/com/fasterxml/classmate/1.6.0/classmate-1.6.0.jar:/home/safrin/.m2/repository/net/bytebuddy/byte-buddy/1.14.13/byte-buddy-1.14.13.jar:/home/safrin/.m2/repository/org/glassfish/jaxb/jaxb-runtime/4.0.5/jaxb-runtime-4.0.5.jar:/home/safrin/.m2/repository/org/glassfish/jaxb/jaxb-core/4.0.5/jaxb-core-4.0.5.jar:/home/safrin/.m2/repository/org/eclipse/angus/angus-activation/2.0.2/angus-activation-2.0.2.jar:/home/safrin/.m2/repository/org/glassfish/jaxb/txw2/4.0.5/txw2-4.0.5.jar:/home/safrin/.m2/repository/com/sun/istack/istack-commons-runtime/4.1.2/istack-commons-runtime-4.1.2.jar:/home/safrin/.m2/repository/jakarta/inject/jakarta.inject-api/2.0.1/jakarta.inject-api-2.0.1.jar:/home/safrin/.m2/repository/org/antlr/antlr4-runtime/4.13.0/antlr4-runtime-4.13.0.jar:/home/safrin/.m2/repository/org/springframework/data/spring-data-jpa/3.2.5/spring-data-jpa-3.2.5.jar:/home/safrin/.m2/repository/org/springframework/data/spring-data-commons/3.2.5/spring-data-commons-3.2.5.jar:/home/safrin/.m2/repository/org/springframework/spring-orm/6.1.6/spring-orm-6.1.6.jar:/home/safrin/.m2/repository/org/springframework/spring-context/6.1.6/spring-context-6.1.6.jar:/home/safrin/.m2/repository/org/springframework/spring-tx/6.1.6/spring-tx-6.1.6.jar:/home/safrin/.m2/repository/org/springframework/spring-beans/6.1.6/spring-beans-6.1.6.jar:/home/safrin/.m2/repository/jakarta/annotation/jakarta.annotation-api/2.1.1/jakarta.annotation-api-2.1.1.jar:/home/safrin/.m2/repository/org/slf4j/slf4j-api/2.0.13/slf4j-api-2.0.13.jar:/home/safrin/.m2/repository/org/springframework/spring-aspects/6.1.6/spring-aspects-6.1.6.jar:/home/safrin/.m2/repository/com/mysql/mysql-connector-j/8.2.0/mysql-connector-j-8.2.0.jar:/home/safrin/.m2/repository/org/springframework/boot/spring-boot-starter-web/3.2.5/spring-boot-starter-web-3.2.5.jar:/home/safrin/.m2/repository/org/springframework/boot/spring-boot-starter/3.2.5/spring-boot-starter-3.2.5.jar:/home/safrin/.m2/repository/org/springframework/boot/spring-boot/3.2.5/spring-boot-3.2.5.jar:/home/safrin/.m2/repository/org/springframework/boot/spring-boot-autoconfigure/3.2.5/spring-boot-autoconfigure-3.2.5.jar:/home/safrin/.m2/repository/org/springframework/boot/spring-boot-starter-logging/3.2.5/spring-boot-starter-logging-3.2.5.jar:/home/safrin/.m2/repository/ch/qos/logback/logback-classic/1.4.14/logback-classic-1.4.14.jar:/home/safrin/.m2/repository/ch/qos/logback/logback-core/1.4.14/logback-core-1.4.14.jar:/home/safrin/.m2/repository/org/apache/logging/log4j/log4j-to-slf4j/2.21.1/log4j-to-slf4j-2.21.1.jar:/home/safrin/.m2/repository/org/apache/logging/log4j/log4j-api/2.21.1/log4j-api-2.21.1.jar:/home/safrin/.m2/repository/org/slf4j/jul-to-slf4j/2.0.13/jul-to-slf4j-2.0.13.jar:/home/safrin/.m2/repository/org/yaml/snakeyaml/2.2/snakeyaml-2.2.jar:/home/safrin/.m2/repository/org/springframework/boot/spring-boot-starter-json/3.2.5/spring-boot-starter-json-3.2.5.jar:/home/safrin/.m2/repository/com/fasterxml/jackson/core/jackson-databind/2.15.4/jackson-databind-2.15.4.jar:/home/safrin/.m2/repository/com/fasterxml/jackson/core/jackson-annotations/2.15.4/jackson-annotations-2.15.4.jar:/home/safrin/.m2/repository/com/fasterxml/jackson/core/jackson-core/2.15.4/jackson-core-2.15.4.jar:/home/safrin/.m2/repository/com/fasterxml/jackson/datatype/jackson-datatype-jdk8/2.15.4/jackson-datatype-jdk8-2.15.4.jar:/home/safrin/.m2/repository/com/fasterxml/jackson/datatype/jackson-datatype-jsr310/2.15.4/jackson-datatype-jsr310-2.15.4.jar:/home/safrin/.m2/repository/com/fasterxml/jackson/module/jackson-module-parameter-names/2.15.4/jackson-module-parameter-names-2.15.4.jar:/home/safrin/.m2/repository/org/springframework/boot/spring-boot-starter-tomcat/3.2.5/spring-boot-starter-tomcat-3.2.5.jar:/home/safrin/.m2/repository/org/apache/tomcat/embed/tomcat-embed-core/10.1.20/tomcat-embed-core-10.1.20.jar:/home/safrin/.m2/repository/org/apache/tomcat/embed/tomcat-embed-el/10.1.20/tomcat-embed-el-10.1.20.jar:/home/safrin/.m2/repository/org/apache/tomcat/embed/tomcat-embed-websocket/10.1.20/tomcat-embed-websocket-10.1.20.jar:/home/safrin/.m2/repository/org/springframework/spring-web/6.1.6/spring-web-6.1.6.jar:/home/safrin/.m2/repository/io/micrometer/micrometer-observation/1.12.5/micrometer-observation-1.12.5.jar:/home/safrin/.m2/repository/io/micrometer/micrometer-commons/1.12.5/micrometer-commons-1.12.5.jar:/home/safrin/.m2/repository/org/springframework/spring-webmvc/6.1.6/spring-webmvc-6.1.6.jar:/home/safrin/.m2/repository/org/springframework/spring-expression/6.1.6/spring-expression-6.1.6.jar:/home/safrin/.m2/repository/org/projectlombok/lombok/1.18.32/lombok-1.18.32.jar:/home/safrin/.m2/repository/org/springframework/boot/spring-boot-starter-test/3.2.5/spring-boot-starter-test-3.2.5.jar:/home/safrin/.m2/repository/org/springframework/boot/spring-boot-test/3.2.5/spring-boot-test-3.2.5.jar:/home/safrin/.m2/repository/org/springframework/boot/spring-boot-test-autoconfigure/3.2.5/spring-boot-test-autoconfigure-3.2.5.jar:/home/safrin/.m2/repository/com/jayway/jsonpath/json-path/2.9.0/json-path-2.9.0.jar:/home/safrin/.m2/repository/jakarta/xml/bind/jakarta.xml.bind-api/4.0.2/jakarta.xml.bind-api-4.0.2.jar:/home/safrin/.m2/repository/jakarta/activation/jakarta.activation-api/2.1.3/jakarta.activation-api-2.1.3.jar:/home/safrin/.m2/repository/net/minidev/json-smart/2.5.1/json-smart-2.5.1.jar:/home/safrin/.m2/repository/net/minidev/accessors-smart/2.5.1/accessors-smart-2.5.1.jar:/home/safrin/.m2/repository/org/ow2/asm/asm/9.6/asm-9.6.jar:/home/safrin/.m2/repository/org/assertj/assertj-core/3.24.2/assertj-core-3.24.2.jar:/home/safrin/.m2/repository/org/awaitility/awaitility/4.2.1/awaitility-4.2.1.jar:/home/safrin/.m2/repository/org/hamcrest/hamcrest/2.2/hamcrest-2.2.jar:/home/safrin/.m2/repository/org/junit/jupiter/junit-jupiter/5.10.2/junit-jupiter-5.10.2.jar:/home/safrin/.m2/repository/org/junit/jupiter/junit-jupiter-api/5.10.2/junit-jupiter-api-5.10.2.jar:/home/safrin/.m2/repository/org/opentest4j/opentest4j/1.3.0/opentest4j-1.3.0.jar:/home/safrin/.m2/repository/org/junit/platform/junit-platform-commons/1.10.2/junit-platform-commons-1.10.2.jar:/home/safrin/.m2/repository/org/apiguardian/apiguardian-api/1.1.2/apiguardian-api-1.1.2.jar:/home/safrin/.m2/repository/org/junit/jupiter/junit-jupiter-params/5.10.2/junit-jupiter-params-5.10.2.jar:/home/safrin/.m2/repository/org/junit/jupiter/junit-jupiter-engine/5.10.2/junit-jupiter-engine-5.10.2.jar:/home/safrin/.m2/repository/org/junit/platform/junit-platform-engine/1.10.2/junit-platform-engine-1.10.2.jar:/home/safrin/.m2/repository/org/mockito/mockito-core/5.7.0/mockito-core-5.7.0.jar:/home/safrin/.m2/repository/net/bytebuddy/byte-buddy-agent/1.14.13/byte-buddy-agent-1.14.13.jar:/home/safrin/.m2/repository/org/objenesis/objenesis/3.3/objenesis-3.3.jar:/home/safrin/.m2/repository/org/mockito/mockito-junit-jupiter/5.7.0/mockito-junit-jupiter-5.7.0.jar:/home/safrin/.m2/repository/org/skyscreamer/jsonassert/1.5.1/jsonassert-1.5.1.jar:/home/safrin/.m2/repository/com/vaadin/external/google/android-json/0.0.20131108.vaadin1/android-json-0.0.20131108.vaadin1.jar:/home/safrin/.m2/repository/org/springframework/spring-core/6.1.6/spring-core-6.1.6.jar:/home/safrin/.m2/repository/org/springframework/spring-jcl/6.1.6/spring-jcl-6.1.6.jar:/home/safrin/.m2/repository/org/springframework/spring-test/6.1.6/spring-test-6.1.6.jar:/home/safrin/.m2/repository/org/xmlunit/xmlunit-core/2.9.1/xmlunit-core-2.9.1.jar:"/>
    <property name="java.vm.vendor" value="Private Build"/>
    <property name="sun.arch.data.model" value="64"/>
    <property name="java.vendor.url" value="Unknown"/>
    <property name="user.timezone" value="America/New_York"/>
    <property name="org.jboss.logging.provider" value="slf4j"/>
    <property name="os.name" value="Linux"/>
    <property name="java.vm.specification.version" value="17"/>
    <property name="sun.java.launcher" value="SUN_STANDARD"/>
    <property name="user.country" value="US"/>
    <property name="sun.boot.library.path" value="/usr/lib/jvm/java-17-openjdk-amd64/lib"/>
    <property name="sun.java.command" value="/home/safrin/Desktop/project/portfolio-service/target/surefire/surefirebooter-20240427054153914_3.jar /home/safrin/Desktop/project/portfolio-service/target/surefire 2024-04-27T05-41-53_732-jvmRun1 surefire-20240427054153914_1tmp surefire_0-20240427054153914_2tmp"/>
    <property name="jdk.debug" value="release"/>
    <property name="surefire.test.class.path" value="/home/safrin/Desktop/project/portfolio-service/target/test-classes:/home/safrin/Desktop/project/portfolio-service/target/classes:/home/safrin/.m2/repository/org/springframework/boot/spring-boot-starter-data-jpa/3.2.5/spring-boot-starter-data-jpa-3.2.5.jar:/home/safrin/.m2/repository/org/springframework/boot/spring-boot-starter-aop/3.2.5/spring-boot-starter-aop-3.2.5.jar:/home/safrin/.m2/repository/org/springframework/spring-aop/6.1.6/spring-aop-6.1.6.jar:/home/safrin/.m2/repository/org/aspectj/aspectjweaver/1.9.22/aspectjweaver-1.9.22.jar:/home/safrin/.m2/repository/org/springframework/boot/spring-boot-starter-jdbc/3.2.5/spring-boot-starter-jdbc-3.2.5.jar:/home/safrin/.m2/repository/com/zaxxer/HikariCP/5.0.1/HikariCP-5.0.1.jar:/home/safrin/.m2/repository/org/springframework/spring-jdbc/6.1.6/spring-jdbc-6.1.6.jar:/home/safrin/.m2/repository/org/hibernate/orm/hibernate-core/6.4.4.Final/hibernate-core-6.4.4.Final.jar:/home/safrin/.m2/repository/jakarta/persistence/jakarta.persistence-api/3.1.0/jakarta.persistence-api-3.1.0.jar:/home/safrin/.m2/repository/jakarta/transaction/jakarta.transaction-api/2.0.1/jakarta.transaction-api-2.0.1.jar:/home/safrin/.m2/repository/org/jboss/logging/jboss-logging/3.5.3.Final/jboss-logging-3.5.3.Final.jar:/home/safrin/.m2/repository/org/hibernate/common/hibernate-commons-annotations/6.0.6.Final/hibernate-commons-annotations-6.0.6.Final.jar:/home/safrin/.m2/repository/io/smallrye/jandex/3.1.2/jandex-3.1.2.jar:/home/safrin/.m2/repository/com/fasterxml/classmate/1.6.0/classmate-1.6.0.jar:/home/safrin/.m2/repository/net/bytebuddy/byte-buddy/1.14.13/byte-buddy-1.14.13.jar:/home/safrin/.m2/repository/org/glassfish/jaxb/jaxb-runtime/4.0.5/jaxb-runtime-4.0.5.jar:/home/safrin/.m2/repository/org/glassfish/jaxb/jaxb-core/4.0.5/jaxb-core-4.0.5.jar:/home/safrin/.m2/repository/org/eclipse/angus/angus-activation/2.0.2/angus-activation-2.0.2.jar:/home/safrin/.m2/repository/org/glassfish/jaxb/txw2/4.0.5/txw2-4.0.5.jar:/home/safrin/.m2/repository/com/sun/istack/istack-commons-runtime/4.1.2/istack-commons-runtime-4.1.2.jar:/home/safrin/.m2/repository/jakarta/inject/jakarta.inject-api/2.0.1/jakarta.inject-api-2.0.1.jar:/home/safrin/.m2/repository/org/antlr/antlr4-runtime/4.13.0/antlr4-runtime-4.13.0.jar:/home/safrin/.m2/repository/org/springframework/data/spring-data-jpa/3.2.5/spring-data-jpa-3.2.5.jar:/home/safrin/.m2/repository/org/springframework/data/spring-data-commons/3.2.5/spring-data-commons-3.2.5.jar:/home/safrin/.m2/repository/org/springframework/spring-orm/6.1.6/spring-orm-6.1.6.jar:/home/safrin/.m2/repository/org/springframework/spring-context/6.1.6/spring-context-6.1.6.jar:/home/safrin/.m2/repository/org/springframework/spring-tx/6.1.6/spring-tx-6.1.6.jar:/home/safrin/.m2/repository/org/springframework/spring-beans/6.1.6/spring-beans-6.1.6.jar:/home/safrin/.m2/repository/jakarta/annotation/jakarta.annotation-api/2.1.1/jakarta.annotation-api-2.1.1.jar:/home/safrin/.m2/repository/org/slf4j/slf4j-api/2.0.13/slf4j-api-2.0.13.jar:/home/safrin/.m2/repository/org/springframework/spring-aspects/6.1.6/spring-aspects-6.1.6.jar:/home/safrin/.m2/repository/com/mysql/mysql-connector-j/8.2.0/mysql-connector-j-8.2.0.jar:/home/safrin/.m2/repository/org/springframework/boot/spring-boot-starter-web/3.2.5/spring-boot-starter-web-3.2.5.jar:/home/safrin/.m2/repository/org/springframework/boot/spring-boot-starter/3.2.5/spring-boot-starter-3.2.5.jar:/home/safrin/.m2/repository/org/springframework/boot/spring-boot/3.2.5/spring-boot-3.2.5.jar:/home/safrin/.m2/repository/org/springframework/boot/spring-boot-autoconfigure/3.2.5/spring-boot-autoconfigure-3.2.5.jar:/home/safrin/.m2/repository/org/springframework/boot/spring-boot-starter-logging/3.2.5/spring-boot-starter-logging-3.2.5.jar:/home/safrin/.m2/repository/ch/qos/logback/logback-classic/1.4.14/logback-classic-1.4.14.jar:/home/safrin/.m2/repository/ch/qos/logback/logback-core/1.4.14/logback-core-1.4.14.jar:/home/safrin/.m2/repository/org/apache/logging/log4j/log4j-to-slf4j/2.21.1/log4j-to-slf4j-2.21.1.jar:/home/safrin/.m2/repository/org/apache/logging/log4j/log4j-api/2.21.1/log4j-api-2.21.1.jar:/home/safrin/.m2/repository/org/slf4j/jul-to-slf4j/2.0.13/jul-to-slf4j-2.0.13.jar:/home/safrin/.m2/repository/org/yaml/snakeyaml/2.2/snakeyaml-2.2.jar:/home/safrin/.m2/repository/org/springframework/boot/spring-boot-starter-json/3.2.5/spring-boot-starter-json-3.2.5.jar:/home/safrin/.m2/repository/com/fasterxml/jackson/core/jackson-databind/2.15.4/jackson-databind-2.15.4.jar:/home/safrin/.m2/repository/com/fasterxml/jackson/core/jackson-annotations/2.15.4/jackson-annotations-2.15.4.jar:/home/safrin/.m2/repository/com/fasterxml/jackson/core/jackson-core/2.15.4/jackson-core-2.15.4.jar:/home/safrin/.m2/repository/com/fasterxml/jackson/datatype/jackson-datatype-jdk8/2.15.4/jackson-datatype-jdk8-2.15.4.jar:/home/safrin/.m2/repository/com/fasterxml/jackson/datatype/jackson-datatype-jsr310/2.15.4/jackson-datatype-jsr310-2.15.4.jar:/home/safrin/.m2/repository/com/fasterxml/jackson/module/jackson-module-parameter-names/2.15.4/jackson-module-parameter-names-2.15.4.jar:/home/safrin/.m2/repository/org/springframework/boot/spring-boot-starter-tomcat/3.2.5/spring-boot-starter-tomcat-3.2.5.jar:/home/safrin/.m2/repository/org/apache/tomcat/embed/tomcat-embed-core/10.1.20/tomcat-embed-core-10.1.20.jar:/home/safrin/.m2/repository/org/apache/tomcat/embed/tomcat-embed-el/10.1.20/tomcat-embed-el-10.1.20.jar:/home/safrin/.m2/repository/org/apache/tomcat/embed/tomcat-embed-websocket/10.1.20/tomcat-embed-websocket-10.1.20.jar:/home/safrin/.m2/repository/org/springframework/spring-web/6.1.6/spring-web-6.1.6.jar:/home/safrin/.m2/repository/io/micrometer/micrometer-observation/1.12.5/micrometer-observation-1.12.5.jar:/home/safrin/.m2/repository/io/micrometer/micrometer-commons/1.12.5/micrometer-commons-1.12.5.jar:/home/safrin/.m2/repository/org/springframework/spring-webmvc/6.1.6/spring-webmvc-6.1.6.jar:/home/safrin/.m2/repository/org/springframework/spring-expression/6.1.6/spring-expression-6.1.6.jar:/home/safrin/.m2/repository/org/projectlombok/lombok/1.18.32/lombok-1.18.32.jar:/home/safrin/.m2/repository/org/springframework/boot/spring-boot-starter-test/3.2.5/spring-boot-starter-test-3.2.5.jar:/home/safrin/.m2/repository/org/springframework/boot/spring-boot-test/3.2.5/spring-boot-test-3.2.5.jar:/home/safrin/.m2/repository/org/springframework/boot/spring-boot-test-autoconfigure/3.2.5/spring-boot-test-autoconfigure-3.2.5.jar:/home/safrin/.m2/repository/com/jayway/jsonpath/json-path/2.9.0/json-path-2.9.0.jar:/home/safrin/.m2/repository/jakarta/xml/bind/jakarta.xml.bind-api/4.0.2/jakarta.xml.bind-api-4.0.2.jar:/home/safrin/.m2/repository/jakarta/activation/jakarta.activation-api/2.1.3/jakarta.activation-api-2.1.3.jar:/home/safrin/.m2/repository/net/minidev/json-smart/2.5.1/json-smart-2.5.1.jar:/home/safrin/.m2/repository/net/minidev/accessors-smart/2.5.1/accessors-smart-2.5.1.jar:/home/safrin/.m2/repository/org/ow2/asm/asm/9.6/asm-9.6.jar:/home/safrin/.m2/repository/org/assertj/assertj-core/3.24.2/assertj-core-3.24.2.jar:/home/safrin/.m2/repository/org/awaitility/awaitility/4.2.1/awaitility-4.2.1.jar:/home/safrin/.m2/repository/org/hamcrest/hamcrest/2.2/hamcrest-2.2.jar:/home/safrin/.m2/repository/org/junit/jupiter/junit-jupiter/5.10.2/junit-jupiter-5.10.2.jar:/home/safrin/.m2/repository/org/junit/jupiter/junit-jupiter-api/5.10.2/junit-jupiter-api-5.10.2.jar:/home/safrin/.m2/repository/org/opentest4j/opentest4j/1.3.0/opentest4j-1.3.0.jar:/home/safrin/.m2/repository/org/junit/platform/junit-platform-commons/1.10.2/junit-platform-commons-1.10.2.jar:/home/safrin/.m2/repository/org/apiguardian/apiguardian-api/1.1.2/apiguardian-api-1.1.2.jar:/home/safrin/.m2/repository/org/junit/jupiter/junit-jupiter-params/5.10.2/junit-jupiter-params-5.10.2.jar:/home/safrin/.m2/repository/org/junit/jupiter/junit-jupiter-engine/5.10.2/junit-jupiter-engine-5.10.2.jar:/home/safrin/.m2/repository/org/junit/platform/junit-platform-engine/1.10.2/junit-platform-engine-1.10.2.jar:/home/safrin/.m2/repository/org/mockito/mockito-core/5.7.0/mockito-core-5.7.0.jar:/home/safrin/.m2/repository/net/bytebuddy/byte-buddy-agent/1.14.13/byte-buddy-agent-1.14.13.jar:/home/safrin/.m2/repository/org/objenesis/objenesis/3.3/objenesis-3.3.jar:/home/safrin/.m2/repository/org/mockito/mockito-junit-jupiter/5.7.0/mockito-junit-jupiter-5.7.0.jar:/home/safrin/.m2/repository/org/skyscreamer/jsonassert/1.5.1/jsonassert-1.5.1.jar:/home/safrin/.m2/repository/com/vaadin/external/google/android-json/0.0.20131108.vaadin1/android-json-0.0.20131108.vaadin1.jar:/home/safrin/.m2/repository/org/springframework/spring-core/6.1.6/spring-core-6.1.6.jar:/home/safrin/.m2/repository/org/springframework/spring-jcl/6.1.6/spring-jcl-6.1.6.jar:/home/safrin/.m2/repository/org/springframework/spring-test/6.1.6/spring-test-6.1.6.jar:/home/safrin/.m2/repository/org/xmlunit/xmlunit-core/2.9.1/xmlunit-core-2.9.1.jar:"/>
    <property name="sun.cpu.endian" value="little"/>
    <property name="user.home" value="/home/safrin"/>
    <property name="user.language" value="en"/>
    <property name="java.specification.vendor" value="Oracle Corporation"/>
    <property name="java.version.date" value="2024-01-16"/>
    <property name="java.home" value="/usr/lib/jvm/java-17-openjdk-amd64"/>
    <property name="file.separator" value="/"/>
    <property name="basedir" value="/home/safrin/Desktop/project/portfolio-service"/>
    <property name="java.vm.compressedOopsMode" value="32-bit"/>
    <property name="line.separator" value="&#10;"/>
    <property name="java.specification.name" value="Java Platform API Specification"/>
    <property name="java.vm.specification.vendor" value="Oracle Corporation"/>
    <property name="FILE_LOG_CHARSET" value="UTF-8"/>
    <property name="java.awt.headless" value="true"/>
    <property name="surefire.real.class.path" value="/home/safrin/Desktop/project/portfolio-service/target/surefire/surefirebooter-20240427054153914_3.jar"/>
    <property name="sun.management.compiler" value="HotSpot 64-Bit Tiered Compilers"/>
    <property name="java.runtime.version" value="17.0.10+7-Ubuntu-122.04.1"/>
    <property name="user.name" value="safrin"/>
    <property name="path.separator" value=":"/>
    <property name="os.version" value="6.5.0-28-generic"/>
    <property name="java.runtime.name" value="OpenJDK Runtime Environment"/>
    <property name="file.encoding" value="UTF-8"/>
    <property name="java.vm.name" value="OpenJDK 64-Bit Server VM"/>
    <property name="localRepository" value="/home/safrin/.m2/repository"/>
    <property name="java.vendor.url.bug" value="Unknown"/>
    <property name="java.io.tmpdir" value="/tmp"/>
    <property name="com.zaxxer.hikari.pool_number" value="1"/>
    <property name="java.version" value="17.0.10"/>
    <property name="user.dir" value="/home/safrin/Desktop/project/portfolio-service"/>
    <property name="os.arch" value="amd64"/>
    <property name="java.vm.specification.name" value="Java Virtual Machine Specification"/>
    <property name="PID" value="72646"/>
    <property name="CONSOLE_LOG_CHARSET" value="UTF-8"/>
    <property name="native.encoding" value="UTF-8"/>
    <property name="java.library.path" value="/usr/java/packages/lib:/usr/lib/x86_64-linux-gnu/jni:/lib/x86_64-linux-gnu:/usr/lib/x86_64-linux-gnu:/usr/lib/jni:/lib:/usr/lib"/>
    <property name="java.vm.info" value="mixed mode, sharing"/>
    <property name="java.vendor" value="Private Build"/>
    <property name="java.vm.version" value="17.0.10+7-Ubuntu-122.04.1"/>
    <property name="sun.io.unicode.encoding" value="UnicodeLittle"/>
    <property name="java.class.version" value="61.0"/>
    <property name="LOGGED_APPLICATION_NAME" value="[portfolio-service] "/>
  </properties>
  <testcase name="update_InternalException" classname="com.portfolio.portfolioservice.controller.PortfolioControllerTest" time="0.336">
    <system-out><![CDATA[2024-04-27T05:42:01.267-04:00  INFO 72646 --- [portfolio-service] [           main] t.c.s.AnnotationConfigContextLoaderUtils : Could not detect default configuration classes for test class [com.portfolio.portfolioservice.controller.PortfolioControllerTest]: PortfolioControllerTest does not declare any static, non-private, non-final, nested classes annotated with @Configuration.
2024-04-27T05:42:01.361-04:00  INFO 72646 --- [portfolio-service] [           main] .b.t.c.SpringBootTestContextBootstrapper : Found @SpringBootConfiguration com.portfolio.portfolioservice.PortfolioServiceApplication for test class com.portfolio.portfolioservice.controller.PortfolioControllerTest

  .   ____          _            __ _ _
 /\\ / ___'_ __ _ _(_)_ __  __ _ \ \ \ \
( ( )\___ | '_ | '_| | '_ \/ _` | \ \ \ \
 \\/  ___)| |_)| | | | | || (_| |  ) ) ) )
  '  |____| .__|_| |_|_| |_\__, | / / / /
 =========|_|==============|___/=/_/_/_/
 :: Spring Boot ::                (v3.2.5)

2024-04-27T05:42:01.405-04:00  INFO 72646 --- [portfolio-service] [           main] c.p.p.c.PortfolioControllerTest          : Starting PortfolioControllerTest using Java 17.0.10 with PID 72646 (started by safrin in /home/safrin/Desktop/project/portfolio-service)
2024-04-27T05:42:01.405-04:00  INFO 72646 --- [portfolio-service] [           main] c.p.p.c.PortfolioControllerTest          : No active profile set, falling back to 1 default profile: "default"
2024-04-27T05:42:02.119-04:00  INFO 72646 --- [portfolio-service] [           main] o.s.b.t.m.w.SpringBootMockServletContext : Initializing Spring TestDispatcherServlet ''
2024-04-27T05:42:02.120-04:00  INFO 72646 --- [portfolio-service] [           main] o.s.t.web.servlet.TestDispatcherServlet  : Initializing Servlet ''
2024-04-27T05:42:02.129-04:00  INFO 72646 --- [portfolio-service] [           main] o.s.t.web.servlet.TestDispatcherServlet  : Completed initialization in 3 ms
2024-04-27T05:42:02.158-04:00  INFO 72646 --- [portfolio-service] [           main] c.p.p.c.PortfolioControllerTest          : Started PortfolioControllerTest in 0.791 seconds (process running for 8.137)
2024-04-27T05:42:02.306-04:00  INFO 72646 --- [portfolio-service] [           main] c.p.p.interceptors.AuthFilter            : token null
2024-04-27T05:42:02.445-04:00  INFO 72646 --- [portfolio-service] [           main] c.p.p.controller.PortfolioController     : Request received for update portfolio-id =testId , updateRequest=UpdateRequest(instrumentName=Test, tradeType=SELL, units=null)
2024-04-27T05:42:02.456-04:00  INFO 72646 --- [portfolio-service] [           main] c.p.p.aspect.GlobalExceptionHandler      : Exception RuntimeException Failed
]]></system-out>
  </testcase>
  <testcase name="update_Business_Exception" classname="com.portfolio.portfolioservice.controller.PortfolioControllerTest" time="0.026">
    <system-out><![CDATA[2024-04-27T05:42:02.530-04:00  INFO 72646 --- [portfolio-service] [           main] c.p.p.interceptors.AuthFilter            : token null
2024-04-27T05:42:02.533-04:00  INFO 72646 --- [portfolio-service] [           main] c.p.p.controller.PortfolioController     : Request received for update portfolio-id =testId , updateRequest=UpdateRequest(instrumentName=Test, tradeType=SELL, units=null)
2024-04-27T05:42:02.536-04:00  INFO 72646 --- [portfolio-service] [           main] c.p.p.aspect.GlobalExceptionHandler      : Exception ValidationException Failed
]]></system-out>
  </testcase>
  <testcase name="update" classname="com.portfolio.portfolioservice.controller.PortfolioControllerTest" time="0.021">
    <system-out><![CDATA[2024-04-27T05:42:02.552-04:00  INFO 72646 --- [portfolio-service] [           main] c.p.p.interceptors.AuthFilter            : token null
2024-04-27T05:42:02.555-04:00  INFO 72646 --- [portfolio-service] [           main] c.p.p.controller.PortfolioController     : Request received for update portfolio-id =testId , updateRequest=UpdateRequest(instrumentName=Test, tradeType=SELL, units=null)
]]></system-out>
  </testcase>
  <testcase name="getDetail" classname="com.portfolio.portfolioservice.controller.PortfolioControllerTest" time="0.021">
    <system-out><![CDATA[2024-04-27T05:42:02.578-04:00  INFO 72646 --- [portfolio-service] [           main] c.p.p.interceptors.AuthFilter            : token null
2024-04-27T05:42:02.580-04:00  INFO 72646 --- [portfolio-service] [           main] c.p.p.controller.PortfolioController     : Request received for get getDetail portfolio-id =testId
]]></system-out>
  </testcase>
  <testcase name="getDetail_BusinessException" classname="com.portfolio.portfolioservice.controller.PortfolioControllerTest" time="0.016">
    <system-out><![CDATA[2024-04-27T05:42:02.603-04:00  INFO 72646 --- [portfolio-service] [           main] c.p.p.interceptors.AuthFilter            : token null
2024-04-27T05:42:02.604-04:00  INFO 72646 --- [portfolio-service] [           main] c.p.p.controller.PortfolioController     : Request received for get getDetail portfolio-id =testId
2024-04-27T05:42:02.606-04:00  INFO 72646 --- [portfolio-service] [           main] c.p.p.aspect.GlobalExceptionHandler      : Exception ValidationException Failed
]]></system-out>
  </testcase>
  <testcase name="getDetail_Internal_Exception" classname="com.portfolio.portfolioservice.controller.PortfolioControllerTest" time="0.016">
    <system-out><![CDATA[2024-04-27T05:42:02.626-04:00  INFO 72646 --- [portfolio-service] [           main] c.p.p.interceptors.AuthFilter            : token null
2024-04-27T05:42:02.627-04:00  INFO 72646 --- [portfolio-service] [           main] c.p.p.controller.PortfolioController     : Request received for get getDetail portfolio-id =testId
2024-04-27T05:42:02.629-04:00  INFO 72646 --- [portfolio-service] [           main] c.p.p.aspect.GlobalExceptionHandler      : Exception RuntimeException Failed
]]></system-out>
  </testcase>
</testsuite>